  Source.cpp
\\mac\home\desktop\faculdade\1ºano - 2ºsemestre\prog\projetos\projeto\projeto\source.cpp(218): warning C4018: '<': signed/unsigned mismatch
\\mac\home\desktop\faculdade\1ºano - 2ºsemestre\prog\projetos\projeto\projeto\source.cpp(222): warning C4018: '<': signed/unsigned mismatch
\\mac\home\desktop\faculdade\1ºano - 2ºsemestre\prog\projetos\projeto\projeto\source.cpp(231): warning C4018: '<': signed/unsigned mismatch
\\mac\home\desktop\faculdade\1ºano - 2ºsemestre\prog\projetos\projeto\projeto\source.cpp(244): warning C4018: '<': signed/unsigned mismatch
\\mac\home\desktop\faculdade\1ºano - 2ºsemestre\prog\projetos\projeto\projeto\source.cpp(299): warning C4018: '<': signed/unsigned mismatch
\\mac\home\desktop\faculdade\1ºano - 2ºsemestre\prog\projetos\projeto\projeto\source.cpp(317): warning C4018: '<': signed/unsigned mismatch
\\mac\home\desktop\faculdade\1ºano - 2ºsemestre\prog\projetos\projeto\projeto\source.cpp(330): warning C4018: '<': signed/unsigned mismatch
\\mac\home\desktop\faculdade\1ºano - 2ºsemestre\prog\projetos\projeto\projeto\source.cpp(522): warning C4018: '<': signed/unsigned mismatch
\\mac\home\desktop\faculdade\1ºano - 2ºsemestre\prog\projetos\projeto\projeto\source.cpp(604): warning C4018: '<': signed/unsigned mismatch
\\mac\home\desktop\faculdade\1ºano - 2ºsemestre\prog\projetos\projeto\projeto\source.cpp(614): warning C4018: '<': signed/unsigned mismatch
\\mac\home\desktop\faculdade\1ºano - 2ºsemestre\prog\projetos\projeto\projeto\source.cpp(633): warning C4018: '<': signed/unsigned mismatch
\\mac\home\desktop\faculdade\1ºano - 2ºsemestre\prog\projetos\projeto\projeto\source.cpp(639): warning C4018: '<': signed/unsigned mismatch
\\mac\home\desktop\faculdade\1ºano - 2ºsemestre\prog\projetos\projeto\projeto\source.cpp(760): warning C4018: '<': signed/unsigned mismatch
\\mac\home\desktop\faculdade\1ºano - 2ºsemestre\prog\projetos\projeto\projeto\source.cpp(788): warning C4018: '<': signed/unsigned mismatch
\\mac\home\desktop\faculdade\1ºano - 2ºsemestre\prog\projetos\projeto\projeto\source.cpp(891): warning C4018: '<': signed/unsigned mismatch
\\mac\home\desktop\faculdade\1ºano - 2ºsemestre\prog\projetos\projeto\projeto\source.cpp(908): warning C4018: '>=': signed/unsigned mismatch
\\mac\home\desktop\faculdade\1ºano - 2ºsemestre\prog\projetos\projeto\projeto\source.cpp(1019): warning C4018: '<': signed/unsigned mismatch
\\mac\home\desktop\faculdade\1ºano - 2ºsemestre\prog\projetos\projeto\projeto\source.cpp(1031): warning C4018: '<': signed/unsigned mismatch
\\mac\home\desktop\faculdade\1ºano - 2ºsemestre\prog\projetos\projeto\projeto\source.cpp(1055): warning C4018: '<': signed/unsigned mismatch
\\mac\home\desktop\faculdade\1ºano - 2ºsemestre\prog\projetos\projeto\projeto\source.cpp(1067): warning C4018: '<': signed/unsigned mismatch
\\mac\home\desktop\faculdade\1ºano - 2ºsemestre\prog\projetos\projeto\projeto\source.cpp(1094): warning C4018: '<': signed/unsigned mismatch
\\mac\home\desktop\faculdade\1ºano - 2ºsemestre\prog\projetos\projeto\projeto\source.cpp(1136): warning C4018: '<': signed/unsigned mismatch
\\mac\home\desktop\faculdade\1ºano - 2ºsemestre\prog\projetos\projeto\projeto\source.cpp(1154): warning C4018: '<': signed/unsigned mismatch
\\mac\home\desktop\faculdade\1ºano - 2ºsemestre\prog\projetos\projeto\projeto\source.cpp(1247): warning C4018: '<': signed/unsigned mismatch
\\mac\home\desktop\faculdade\1ºano - 2ºsemestre\prog\projetos\projeto\projeto\source.cpp(1249): warning C4018: '<': signed/unsigned mismatch
\\mac\home\desktop\faculdade\1ºano - 2ºsemestre\prog\projetos\projeto\projeto\source.cpp(1275): warning C4018: '<': signed/unsigned mismatch
\\mac\home\desktop\faculdade\1ºano - 2ºsemestre\prog\projetos\projeto\projeto\source.cpp(1277): warning C4018: '<': signed/unsigned mismatch
\\mac\home\desktop\faculdade\1ºano - 2ºsemestre\prog\projetos\projeto\projeto\source.cpp(1303): warning C4018: '<': signed/unsigned mismatch
\\mac\home\desktop\faculdade\1ºano - 2ºsemestre\prog\projetos\projeto\projeto\source.cpp(1320): warning C4018: '<': signed/unsigned mismatch
\\mac\home\desktop\faculdade\1ºano - 2ºsemestre\prog\projetos\projeto\projeto\source.cpp(1485): warning C4101: 'lineID': unreferenced local variable
\\mac\home\desktop\faculdade\1ºano - 2ºsemestre\prog\projetos\projeto\projeto\source.cpp(1485): warning C4101: 'linePos': unreferenced local variable
\\mac\home\desktop\faculdade\1ºano - 2ºsemestre\prog\projetos\projeto\projeto\source.cpp(1522): warning C4101: 'op': unreferenced local variable
  Projeto.vcxproj -> \\Mac\Home\Desktop\FACULDADE\1ºANO - 2ºSEMESTRE\PROG\Projetos\Projeto\Debug\Projeto.exe
  Projeto.vcxproj -> \\Mac\Home\Desktop\FACULDADE\1ºANO - 2ºSEMESTRE\PROG\Projetos\Projeto\Debug\Projeto.pdb (Partial PDB)
